<?xml version="1.0" encoding="UTF-8"?>
<testng-results ignored="0" total="1" passed="1" failed="0" skipped="0">
  <reporter-output>
  </reporter-output>
  <suite started-at="2022-01-24T14:54:48 IST" name="Suite" finished-at="2022-01-24T14:56:03 IST" duration-ms="75177">
    <groups>
    </groups>
    <test started-at="2022-01-24T14:54:48 IST" name="Test" finished-at="2022-01-24T14:56:03 IST" duration-ms="75177">
      <class name="com.qa.TestLayer.TestCase">
        <test-method is-config="true" signature="setUp(java.lang.String)[pri:0, instance:com.qa.TestLayer.TestCase@b91d8c4]" started-at="2022-01-24T14:54:48 IST" name="setUp" finished-at="2022-01-24T14:55:10 IST" duration-ms="21932" status="PASS">
          <params>
            <param index="0">
              <value>
                <![CDATA[chrome]]>
              </value>
            </param>
          </params>
          <reporter-output>
          </reporter-output>
        </test-method> <!-- setUp -->
        <test-method signature="testCase()[pri:0, instance:com.qa.TestLayer.TestCase@b91d8c4]" started-at="2022-01-24T14:55:10 IST" name="testCase" finished-at="2022-01-24T14:56:02 IST" duration-ms="52036" status="PASS">
          <reporter-output>
          </reporter-output>
        </test-method> <!-- testCase -->
        <test-method is-config="true" signature="tearDown()[pri:0, instance:com.qa.TestLayer.TestCase@b91d8c4]" started-at="2022-01-24T14:56:02 IST" name="tearDown" finished-at="2022-01-24T14:56:03 IST" duration-ms="1014" status="PASS">
          <reporter-output>
          </reporter-output>
        </test-method> <!-- tearDown -->
      </class> <!-- com.qa.TestLayer.TestCase -->
    </test> <!-- Test -->
  </suite> <!-- Suite -->
</testng-results>
